[0m11:49:38.626645 [debug] [MainThread]: Sending event: {'category': 'dbt', 'action': 'invocation', 'label': 'start', 'context': [<snowplow_tracker.self_describing_json.SelfDescribingJson object at 0x1028b5a30>, <snowplow_tracker.self_describing_json.SelfDescribingJson object at 0x10531bfe0>, <snowplow_tracker.self_describing_json.SelfDescribingJson object at 0x10531b530>]}


============================== 11:49:38.629919 | 22e7ac27-d646-4ba8-b538-1f2d64f24bee ==============================
[0m11:49:38.629919 [info ] [MainThread]: Running with dbt=1.8.0
[0m11:49:38.630266 [debug] [MainThread]: running dbt with arguments {'printer_width': '80', 'indirect_selection': 'eager', 'write_json': 'True', 'log_cache_events': 'False', 'partial_parse': 'True', 'cache_selected_only': 'False', 'profiles_dir': '/Users/robertmatthew/.dbt', 'debug': 'False', 'version_check': 'True', 'log_path': 'logs', 'fail_fast': 'False', 'warn_error': 'None', 'use_colors': 'True', 'use_experimental_parser': 'False', 'no_print': 'None', 'quiet': 'False', 'log_format': 'default', 'static_parser': 'True', 'introspect': 'True', 'invocation_command': 'dbt init', 'target_path': 'None', 'warn_error_options': 'WarnErrorOptions(include=[], exclude=[])', 'send_anonymous_usage_stats': 'True'}
[0m11:50:05.925369 [debug] [MainThread]: Starter project path: /Users/robertmatthew/Documents/programmingSelfStudy/data-engineering/data-engineering-fcc/ETL-pipeline-b/venv/lib/python3.12/site-packages/dbt/include/starter_project
[0m11:50:05.939667 [info ] [MainThread]: 
Your new dbt project "custom_postgres" was created!

For more information on how to configure the profiles.yml file,
please consult the dbt documentation here:

  https://docs.getdbt.com/docs/configure-your-profile

One more thing:

Need help? Don't hesitate to reach out to us via GitHub issues or on Slack:

  https://community.getdbt.com/

Happy modeling!

[0m11:50:05.940171 [info ] [MainThread]: Setting up your profile.
[0m11:53:30.311432 [info ] [MainThread]: Profile custom_postgres written to /Users/robertmatthew/.dbt/profiles.yml using target's profile_template.yml and your supplied values. Run 'dbt debug' to validate the connection.
[0m11:53:30.346651 [debug] [MainThread]: Resource report: {"command_name": "init", "command_success": true, "command_wall_clock_time": 231.75699, "process_user_time": 0.59835, "process_kernel_time": 0.153379, "process_mem_max_rss": "89522176", "process_in_blocks": "0", "process_out_blocks": "0"}
[0m11:53:30.348144 [debug] [MainThread]: Command `dbt init` succeeded at 11:53:30.347904 after 231.76 seconds
[0m11:53:30.349277 [debug] [MainThread]: Sending event: {'category': 'dbt', 'action': 'invocation', 'label': 'end', 'context': [<snowplow_tracker.self_describing_json.SelfDescribingJson object at 0x1051ccd10>, <snowplow_tracker.self_describing_json.SelfDescribingJson object at 0x1053e26f0>, <snowplow_tracker.self_describing_json.SelfDescribingJson object at 0x104e9b2f0>]}
[0m11:53:30.350004 [debug] [MainThread]: Flushing usage events
